<?xml version="1.0" encoding="UTF-8"?>
<!-- Generated by org.testng.reporters.JUnitReportReporter -->
<testsuite hostname="WS-CCGCHM2" failures="0" tests="2" name="PublicApiTest" time="4.454" errors="0" timestamp="2020-04-24T01:39:39 ART" skipped="0">
  <testcase classname="PublicApiTest" name="testCreateNewCustomer" time="3.797"/>
  <system-out/>
  <testcase classname="PublicApiTest" name="testGetWeatherFromACity" time="0.657"/>
  <system-out/>
</testsuite> <!-- PublicApiTest -->
